{
  "stats": {
    "suites": 9,
    "tests": 30,
    "passes": 17,
    "pending": 0,
    "failures": 13,
    "start": "2025-05-26T16:55:49.441Z",
    "end": "2025-05-26T16:57:55.213Z",
    "duration": 125772,
    "testsRegistered": 30,
    "passPercent": 56.666666666666664,
    "pendingPercent": 0,
    "other": 0,
    "hasOther": false,
    "skipped": 0,
    "hasSkipped": false
  },
  "results": [
    {
      "uuid": "22280dcd-ef4e-42ab-9f5a-f68e7741c3ae",
      "title": "",
      "fullFile": "cypress\\e2e\\documentsummarychat.cy.ts",
      "file": "cypress\\e2e\\documentsummarychat.cy.ts",
      "beforeHooks": [],
      "afterHooks": [],
      "tests": [],
      "suites": [
        {
          "uuid": "ec09b4f5-429a-4849-b4d8-2353a384be6d",
          "title": "Document Summary Chat Tests",
          "fullFile": "",
          "file": "",
          "beforeHooks": [],
          "afterHooks": [],
          "tests": [],
          "suites": [
            {
              "uuid": "8d5a0b27-3c81-42af-8f6f-2ddec566a179",
              "title": "Initial Page Load",
              "fullFile": "",
              "file": "",
              "beforeHooks": [],
              "afterHooks": [],
              "tests": [
                {
                  "title": "should display all main components",
                  "fullTitle": "Document Summary Chat Tests Initial Page Load should display all main components",
                  "timedOut": null,
                  "duration": 2272,
                  "state": "failed",
                  "speed": null,
                  "pass": false,
                  "fail": true,
                  "pending": false,
                  "context": null,
                  "code": "// Check document upload section\ncy.contains('📤 Belge Yükle').should('be.visible');\ncy.contains('button', 'Belge Seç (.pdf, .docx)').should('be.visible');\n// Check AI summary section\ncy.contains('📄 AI Özet').should('be.visible');\ncy.contains('📄 Henüz bir belge yüklenmedi.').should('be.visible');\n// Check message input section\ncy.get('textarea[placeholder*=\"Belge hakkında soru sorun\"]').should('be.visible');\ncy.contains('button', 'Gönder').should('be.visible').and('be.disabled');\n// Check message history area exists\ncy.get('[data-testid=\"message-history\"]').should('exist')\n    .or(cy.get('.MuiPaper-root').contains('max-height').should('exist'));",
                  "err": {
                    "message": "TypeError: cy.get(...).should(...).or is not a function",
                    "estack": "TypeError: cy.get(...).should(...).or is not a function\n    at Context.eval (webpack://justiwise/./cypress/e2e/documentsummarychat.cy.ts:29:9)\n    at runnable.fn (http://localhost:3000/__cypress/runner/cypress_runner.js:141400:19)\n    at callFn (http://localhost:3000/__cypress/runner/cypress_runner.js:160478:21)\n    at Runnable.run (http://localhost:3000/__cypress/runner/cypress_runner.js:160465:7)\n    at <unknown> (http://localhost:3000/__cypress/runner/cypress_runner.js:166537:30)\n    at PassThroughHandlerContext.finallyHandler (http://localhost:3000/__cypress/runner/cypress_runner.js:4042:23)\n    at PassThroughHandlerContext.tryCatcher (http://localhost:3000/__cypress/runner/cypress_runner.js:1777:23)\n    at Promise._settlePromiseFromHandler (http://localhost:3000/__cypress/runner/cypress_runner.js:1489:31)\n    at Promise._settlePromise (http://localhost:3000/__cypress/runner/cypress_runner.js:1546:18)",
                    "diff": null
                  },
                  "uuid": "b2716972-7aec-42e3-b42c-8b58bb08103e",
                  "parentUUID": "8d5a0b27-3c81-42af-8f6f-2ddec566a179",
                  "isHook": false,
                  "skipped": false
                },
                {
                  "title": "should have proper initial state",
                  "fullTitle": "Document Summary Chat Tests Initial Page Load should have proper initial state",
                  "timedOut": null,
                  "duration": 1162,
                  "state": "passed",
                  "speed": "fast",
                  "pass": true,
                  "fail": false,
                  "pending": false,
                  "context": null,
                  "code": "// Summary should show initial message\ncy.contains('📄 Henüz bir belge yüklenmedi.').should('be.visible');\n// Message input should be empty\ncy.get('textarea[placeholder*=\"Belge hakkında soru sorun\"]').should('have.value', '');\n// Send button should be disabled\ncy.contains('button', 'Gönder').should('be.disabled');\n// No messages should be displayed initially\ncy.get('.MuiBox-root[style*=\"background-color\"]').should('not.exist');",
                  "err": {},
                  "uuid": "930823e3-04ed-4098-acc7-79ad163c7f34",
                  "parentUUID": "8d5a0b27-3c81-42af-8f6f-2ddec566a179",
                  "isHook": false,
                  "skipped": false
                },
                {
                  "title": "should display upload icon in button",
                  "fullTitle": "Document Summary Chat Tests Initial Page Load should display upload icon in button",
                  "timedOut": null,
                  "duration": 5290,
                  "state": "failed",
                  "speed": null,
                  "pass": false,
                  "fail": true,
                  "pending": false,
                  "context": null,
                  "code": "cy.get('button').contains('Belge Seç')\n    .find('svg')\n    .should('exist');",
                  "err": {
                    "message": "AssertionError: Timed out retrying after 4000ms: Expected to find content: 'Belge Seç' within the element: <button.MuiButtonBase-root.MuiButton-root.MuiButton-contained.MuiButton-containedPrimary.MuiButton-sizeMedium.MuiButton-containedSizeMedium.MuiButton-colorPrimary.Mui-disabled.MuiButton-root.MuiButton-contained.MuiButton-containedPrimary.MuiButton-sizeMedium.MuiButton-containedSizeMedium.MuiButton-colorPrimary.css-ykmjgp-MuiButtonBase-root-MuiButton-root> but never did.",
                    "estack": "AssertionError: Timed out retrying after 4000ms: Expected to find content: 'Belge Seç' within the element: <button.MuiButtonBase-root.MuiButton-root.MuiButton-contained.MuiButton-containedPrimary.MuiButton-sizeMedium.MuiButton-containedSizeMedium.MuiButton-colorPrimary.Mui-disabled.MuiButton-root.MuiButton-contained.MuiButton-containedPrimary.MuiButton-sizeMedium.MuiButton-containedSizeMedium.MuiButton-colorPrimary.css-ykmjgp-MuiButtonBase-root-MuiButton-root> but never did.\n    at Context.eval (webpack://justiwise/./cypress/e2e/documentsummarychat.cy.ts:47:23)",
                    "diff": null
                  },
                  "uuid": "3a15a880-223a-4faf-aa04-2800703172cc",
                  "parentUUID": "8d5a0b27-3c81-42af-8f6f-2ddec566a179",
                  "isHook": false,
                  "skipped": false
                }
              ],
              "suites": [],
              "passes": [
                "930823e3-04ed-4098-acc7-79ad163c7f34"
              ],
              "failures": [
                "b2716972-7aec-42e3-b42c-8b58bb08103e",
                "3a15a880-223a-4faf-aa04-2800703172cc"
              ],
              "pending": [],
              "skipped": [],
              "duration": 8724,
              "root": false,
              "rootEmpty": false,
              "_timeout": 2000
            },
            {
              "uuid": "86784e99-efc9-43f6-a029-2bffb395ea9d",
              "title": "File Upload Functionality",
              "fullFile": "",
              "file": "",
              "beforeHooks": [],
              "afterHooks": [],
              "tests": [
                {
                  "title": "should handle PDF file upload",
                  "fullTitle": "Document Summary Chat Tests File Upload Functionality should handle PDF file upload",
                  "timedOut": null,
                  "duration": 2190,
                  "state": "passed",
                  "speed": "fast",
                  "pass": true,
                  "fail": false,
                  "pending": false,
                  "context": null,
                  "code": "var fileName = 'test-document.pdf';\n// Create a mock PDF file\ncy.get('input[type=\"file\"]').selectFile({\n    contents: Cypress.Buffer.from('Mock PDF content'),\n    fileName: fileName,\n    mimeType: 'application/pdf'\n}, { force: true });\n// Check if file name is displayed\ncy.contains(\"Se\\u00E7ilen belge: \".concat(fileName)).should('be.visible');\n// Check if loading message appears\ncy.contains('⏳ AI özet çıkarıyor...').should('be.visible');\n// Wait for summary to load\ncy.contains(\"\\uD83D\\uDCC4 Y\\u00FCklenen belge: \".concat(fileName), { timeout: 2000 }).should('be.visible');\ncy.contains('AI tarafından çıkarılan özet').should('be.visible');",
                  "err": {},
                  "uuid": "7987674a-9817-4635-92e4-eff7cb257998",
                  "parentUUID": "86784e99-efc9-43f6-a029-2bffb395ea9d",
                  "isHook": false,
                  "skipped": false
                },
                {
                  "title": "should handle DOCX file upload",
                  "fullTitle": "Document Summary Chat Tests File Upload Functionality should handle DOCX file upload",
                  "timedOut": null,
                  "duration": 2207,
                  "state": "passed",
                  "speed": "fast",
                  "pass": true,
                  "fail": false,
                  "pending": false,
                  "context": null,
                  "code": "var fileName = 'test-document.docx';\ncy.get('input[type=\"file\"]').selectFile({\n    contents: Cypress.Buffer.from('Mock DOCX content'),\n    fileName: fileName,\n    mimeType: 'application/vnd.openxmlformats-officedocument.wordprocessingml.document'\n}, { force: true });\ncy.contains(\"Se\\u00E7ilen belge: \".concat(fileName)).should('be.visible');\ncy.contains('⏳ AI özet çıkarıyor...').should('be.visible');\ncy.contains(\"\\uD83D\\uDCC4 Y\\u00FCklenen belge: \".concat(fileName), { timeout: 2000 }).should('be.visible');",
                  "err": {},
                  "uuid": "0bb6d76c-7912-481e-9e65-82a5e4ef8e08",
                  "parentUUID": "86784e99-efc9-43f6-a029-2bffb395ea9d",
                  "isHook": false,
                  "skipped": false
                },
                {
                  "title": "should handle DOC file upload",
                  "fullTitle": "Document Summary Chat Tests File Upload Functionality should handle DOC file upload",
                  "timedOut": null,
                  "duration": 1158,
                  "state": "passed",
                  "speed": "fast",
                  "pass": true,
                  "fail": false,
                  "pending": false,
                  "context": null,
                  "code": "var fileName = 'test-document.doc';\ncy.get('input[type=\"file\"]').selectFile({\n    contents: Cypress.Buffer.from('Mock DOC content'),\n    fileName: fileName,\n    mimeType: 'application/msword'\n}, { force: true });\ncy.contains(\"Se\\u00E7ilen belge: \".concat(fileName)).should('be.visible');\ncy.contains('⏳ AI özet çıkarıyor...').should('be.visible');",
                  "err": {},
                  "uuid": "1b644c86-44a0-40ee-aebe-5e1120934c3c",
                  "parentUUID": "86784e99-efc9-43f6-a029-2bffb395ea9d",
                  "isHook": false,
                  "skipped": false
                },
                {
                  "title": "should accept only specified file types",
                  "fullTitle": "Document Summary Chat Tests File Upload Functionality should accept only specified file types",
                  "timedOut": null,
                  "duration": 1500,
                  "state": "passed",
                  "speed": "fast",
                  "pass": true,
                  "fail": false,
                  "pending": false,
                  "context": null,
                  "code": "cy.get('input[type=\"file\"]').should('have.attr', 'accept', '.pdf,.doc,.docx');",
                  "err": {},
                  "uuid": "ac8f99bf-154d-4ea9-83c1-55fbd336fa31",
                  "parentUUID": "86784e99-efc9-43f6-a029-2bffb395ea9d",
                  "isHook": false,
                  "skipped": false
                },
                {
                  "title": "should update summary content after file upload",
                  "fullTitle": "Document Summary Chat Tests File Upload Functionality should update summary content after file upload",
                  "timedOut": null,
                  "duration": 2211,
                  "state": "passed",
                  "speed": "fast",
                  "pass": true,
                  "fail": false,
                  "pending": false,
                  "context": null,
                  "code": "var fileName = 'legal-document.pdf';\ncy.get('input[type=\"file\"]').selectFile({\n    contents: Cypress.Buffer.from('Legal document content'),\n    fileName: fileName,\n    mimeType: 'application/pdf'\n}, { force: true });\n// Wait for summary to update\ncy.contains('hukuk sisteminde yer alan kavramlar', { timeout: 2000 }).should('be.visible');\ncy.contains('AI tarafından çıkarılan özet').should('be.visible');",
                  "err": {},
                  "uuid": "02330da2-3457-404f-a7d3-01f9233938e7",
                  "parentUUID": "86784e99-efc9-43f6-a029-2bffb395ea9d",
                  "isHook": false,
                  "skipped": false
                },
                {
                  "title": "should handle multiple file uploads",
                  "fullTitle": "Document Summary Chat Tests File Upload Functionality should handle multiple file uploads",
                  "timedOut": null,
                  "duration": 1221,
                  "state": "passed",
                  "speed": "fast",
                  "pass": true,
                  "fail": false,
                  "pending": false,
                  "context": null,
                  "code": "// Upload first file\ncy.get('input[type=\"file\"]').selectFile({\n    contents: Cypress.Buffer.from('First document'),\n    fileName: 'first.pdf',\n    mimeType: 'application/pdf'\n}, { force: true });\ncy.contains('Seçilen belge: first.pdf').should('be.visible');\n// Upload second file (should replace first)\ncy.get('input[type=\"file\"]').selectFile({\n    contents: Cypress.Buffer.from('Second document'),\n    fileName: 'second.pdf',\n    mimeType: 'application/pdf'\n}, { force: true });\ncy.contains('Seçilen belge: second.pdf').should('be.visible');\ncy.contains('Seçilen belge: first.pdf').should('not.exist');",
                  "err": {},
                  "uuid": "4c68e623-2507-4e7e-b5da-83bb795caf49",
                  "parentUUID": "86784e99-efc9-43f6-a029-2bffb395ea9d",
                  "isHook": false,
                  "skipped": false
                }
              ],
              "suites": [],
              "passes": [
                "7987674a-9817-4635-92e4-eff7cb257998",
                "0bb6d76c-7912-481e-9e65-82a5e4ef8e08",
                "1b644c86-44a0-40ee-aebe-5e1120934c3c",
                "ac8f99bf-154d-4ea9-83c1-55fbd336fa31",
                "02330da2-3457-404f-a7d3-01f9233938e7",
                "4c68e623-2507-4e7e-b5da-83bb795caf49"
              ],
              "failures": [],
              "pending": [],
              "skipped": [],
              "duration": 10487,
              "root": false,
              "rootEmpty": false,
              "_timeout": 2000
            },
            {
              "uuid": "f3bc727c-42b4-4e85-99c7-062813defed8",
              "title": "Chat Functionality",
              "fullFile": "",
              "file": "",
              "beforeHooks": [],
              "afterHooks": [],
              "tests": [
                {
                  "title": "should enable send button when message is typed",
                  "fullTitle": "Document Summary Chat Tests Chat Functionality should enable send button when message is typed",
                  "timedOut": null,
                  "duration": 3237,
                  "state": "passed",
                  "speed": "fast",
                  "pass": true,
                  "fail": false,
                  "pending": false,
                  "context": null,
                  "code": "var message = 'Bu belge hakkında ne düşünüyorsun?';\n// Initially disabled\ncy.contains('button', 'Gönder').should('be.disabled');\n// Type message\ncy.get('textarea[placeholder*=\"Belge hakkında soru sorun\"]').type(message);\n// Should be enabled\ncy.contains('button', 'Gönder').should('not.be.disabled');",
                  "err": {},
                  "uuid": "baaa9006-6c2c-4f81-b73f-5209ef7bfd92",
                  "parentUUID": "f3bc727c-42b4-4e85-99c7-062813defed8",
                  "isHook": false,
                  "skipped": false
                },
                {
                  "title": "should send user message and receive AI response",
                  "fullTitle": "Document Summary Chat Tests Chat Functionality should send user message and receive AI response",
                  "timedOut": null,
                  "duration": 6967,
                  "state": "failed",
                  "speed": null,
                  "pass": false,
                  "fail": true,
                  "pending": false,
                  "context": null,
                  "code": "var userMessage = 'Bu belgede hangi konular var?';\n// Type and send message\ncy.get('textarea[placeholder*=\"Belge hakkında soru sorun\"]').type(userMessage);\ncy.contains('button', 'Gönder').click();\n// Check user message appears\ncy.contains(userMessage).should('be.visible');\ncy.get('.MuiBox-root[style*=\"background-color: rgb(25, 118, 210)\"]')\n    .should('contain.text', userMessage);\n// Wait for AI response\ncy.contains('AI cevabı:', { timeout: 1000 }).should('be.visible');\ncy.get('.MuiBox-root[style*=\"background-color: rgb(224, 224, 224)\"]')\n    .should('contain.text', 'AI cevabı:');\n// Input should be cleared\ncy.get('textarea[placeholder*=\"Belge hakkında soru sorun\"]').should('have.value', '');",
                  "err": {
                    "message": "AssertionError: Timed out retrying after 4000ms: Expected to find element: `.MuiBox-root[style*=\"background-color: rgb(25, 118, 210)\"]`, but never found it.",
                    "estack": "AssertionError: Timed out retrying after 4000ms: Expected to find element: `.MuiBox-root[style*=\"background-color: rgb(25, 118, 210)\"]`, but never found it.\n    at Context.eval (webpack://justiwise/./cypress/e2e/documentsummarychat.cy.ts:178:9)",
                    "diff": null
                  },
                  "uuid": "44c24db2-76f6-4044-945e-94461faafd30",
                  "parentUUID": "f3bc727c-42b4-4e85-99c7-062813defed8",
                  "isHook": false,
                  "skipped": false
                },
                {
                  "title": "should handle multiple messages in conversation",
                  "fullTitle": "Document Summary Chat Tests Chat Functionality should handle multiple messages in conversation",
                  "timedOut": null,
                  "duration": 8410,
                  "state": "failed",
                  "speed": null,
                  "pass": false,
                  "fail": true,
                  "pending": false,
                  "context": null,
                  "code": "var messages = [\n    'İlk sorum bu',\n    'İkinci sorum da bu',\n    'Üçüncü ve son sorum'\n];\nmessages.forEach(function (message, index) {\n    cy.get('textarea[placeholder*=\"Belge hakkında soru sorun\"]').type(message);\n    cy.contains('button', 'Gönder').click();\n    // Wait for AI response before sending next message\n    if (index < messages.length - 1) {\n        cy.contains('AI cevabı:', { timeout: 1000 }).should('be.visible');\n    }\n});\n// Check all messages are displayed\nmessages.forEach(function (message) {\n    cy.contains(message).should('be.visible');\n});\n// Should have 6 message boxes (3 user + 3 AI)\ncy.get('.MuiBox-root[style*=\"background-color\"]').should('have.length', 6);",
                  "err": {
                    "message": "AssertionError: Timed out retrying after 4000ms: Expected to find element: `.MuiBox-root[style*=\"background-color\"]`, but never found it.",
                    "estack": "AssertionError: Timed out retrying after 4000ms: Expected to find element: `.MuiBox-root[style*=\"background-color\"]`, but never found it.\n    at Context.eval (webpack://justiwise/./cypress/e2e/documentsummarychat.cy.ts:212:56)",
                    "diff": null
                  },
                  "uuid": "c14b60d1-7c81-4902-9b27-006d45358e7b",
                  "parentUUID": "f3bc727c-42b4-4e85-99c7-062813defed8",
                  "isHook": false,
                  "skipped": false
                },
                {
                  "title": "should not send empty messages",
                  "fullTitle": "Document Summary Chat Tests Chat Functionality should not send empty messages",
                  "timedOut": null,
                  "duration": 2881,
                  "state": "passed",
                  "speed": "fast",
                  "pass": true,
                  "fail": false,
                  "pending": false,
                  "context": null,
                  "code": "// Try to send empty message\ncy.contains('button', 'Gönder').should('be.disabled');\n// Try with only whitespace\ncy.get('textarea[placeholder*=\"Belge hakkında soru sorun\"]').type('   ');\ncy.contains('button', 'Gönder').should('be.disabled');\n// Clear and try with actual content\ncy.get('textarea[placeholder*=\"Belge hakkında soru sorun\"]').clear().type('Gerçek mesaj');\ncy.contains('button', 'Gönder').should('not.be.disabled');",
                  "err": {},
                  "uuid": "4bb23d22-4939-410c-ba11-99e39bdee8bb",
                  "parentUUID": "f3bc727c-42b4-4e85-99c7-062813defed8",
                  "isHook": false,
                  "skipped": false
                },
                {
                  "title": "should handle long messages",
                  "fullTitle": "Document Summary Chat Tests Chat Functionality should handle long messages",
                  "timedOut": null,
                  "duration": 14065,
                  "state": "failed",
                  "speed": null,
                  "pass": false,
                  "fail": true,
                  "pending": false,
                  "context": null,
                  "code": "var longMessage = 'Bu çok uzun bir mesaj. '.repeat(20);\ncy.get('textarea[placeholder*=\"Belge hakkında soru sorun\"]').type(longMessage);\ncy.contains('button', 'Gönder').click();\n// Message should be displayed with proper styling\ncy.contains(longMessage.substring(0, 50)).should('be.visible');\n// Should have max-width styling\ncy.get('.MuiBox-root[style*=\"max-width: 70%\"]').should('exist');",
                  "err": {
                    "message": "AssertionError: Timed out retrying after 4000ms: Expected to find element: `.MuiBox-root[style*=\"max-width: 70%\"]`, but never found it.",
                    "estack": "AssertionError: Timed out retrying after 4000ms: Expected to find element: `.MuiBox-root[style*=\"max-width: 70%\"]`, but never found it.\n    at Context.eval (webpack://justiwise/./cypress/e2e/documentsummarychat.cy.ts:238:54)",
                    "diff": null
                  },
                  "uuid": "8e6a317a-99a8-43a4-a4e4-d04ef160d0b6",
                  "parentUUID": "f3bc727c-42b4-4e85-99c7-062813defed8",
                  "isHook": false,
                  "skipped": false
                },
                {
                  "title": "should scroll message history when many messages",
                  "fullTitle": "Document Summary Chat Tests Chat Functionality should scroll message history when many messages",
                  "timedOut": null,
                  "duration": 10531,
                  "state": "failed",
                  "speed": null,
                  "pass": false,
                  "fail": true,
                  "pending": false,
                  "context": null,
                  "code": "// Send multiple messages to test scrolling\nfor (var i = 1; i <= 8; i++) {\n    cy.get('textarea[placeholder*=\"Belge hakkında soru sorun\"]').type(\"Mesaj \".concat(i));\n    cy.contains('button', 'Gönder').click();\n    cy.contains('AI cevabı:', { timeout: 1000 }).should('be.visible');\n}\n// Check if message container has scroll\ncy.get('.MuiPaper-root[style*=\"max-height\"]').should('exist');\ncy.get('.MuiPaper-root[style*=\"overflow-y: auto\"]').should('exist');",
                  "err": {
                    "message": "AssertionError: Timed out retrying after 4000ms: Expected to find element: `.MuiPaper-root[style*=\"max-height\"]`, but never found it.",
                    "estack": "AssertionError: Timed out retrying after 4000ms: Expected to find element: `.MuiPaper-root[style*=\"max-height\"]`, but never found it.\n    at Context.eval (webpack://justiwise/./cypress/e2e/documentsummarychat.cy.ts:250:52)",
                    "diff": null
                  },
                  "uuid": "f8a8f4e3-99ea-4a7f-8d48-08d4b0b5a5dc",
                  "parentUUID": "f3bc727c-42b4-4e85-99c7-062813defed8",
                  "isHook": false,
                  "skipped": false
                }
              ],
              "suites": [],
              "passes": [
                "baaa9006-6c2c-4f81-b73f-5209ef7bfd92",
                "4bb23d22-4939-410c-ba11-99e39bdee8bb"
              ],
              "failures": [
                "44c24db2-76f6-4044-945e-94461faafd30",
                "c14b60d1-7c81-4902-9b27-006d45358e7b",
                "8e6a317a-99a8-43a4-a4e4-d04ef160d0b6",
                "f8a8f4e3-99ea-4a7f-8d48-08d4b0b5a5dc"
              ],
              "pending": [],
              "skipped": [],
              "duration": 46091,
              "root": false,
              "rootEmpty": false,
              "_timeout": 2000
            },
            {
              "uuid": "e674913e-597e-41ea-93bf-5815a1fee0ef",
              "title": "Alert and Warning Messages",
              "fullFile": "",
              "file": "",
              "beforeHooks": [],
              "afterHooks": [],
              "tests": [
                {
                  "title": "should show warning when trying to send message without uploading file",
                  "fullTitle": "Document Summary Chat Tests Alert and Warning Messages should show warning when trying to send message without uploading file",
                  "timedOut": null,
                  "duration": 5103,
                  "state": "passed",
                  "speed": "medium",
                  "pass": true,
                  "fail": false,
                  "pending": false,
                  "context": null,
                  "code": "var message = 'Bu mesajı dosya yüklemeden göndermeye çalışıyorum';\n// Type message\ncy.get('textarea[placeholder*=\"Belge hakkında soru sorun\"]').type(message);\ncy.contains('button', 'Gönder').click();\n// Should show warning alert\ncy.contains('Önce bir belge yüklemelisiniz!').should('be.visible');\ncy.get('.MuiAlert-root[role=\"alert\"]').should('be.visible');\n// Message should not be sent\ncy.get('.MuiBox-root[style*=\"background-color: rgb(25, 118, 210)\"]').should('not.exist');",
                  "err": {},
                  "uuid": "a1a64028-7682-4c16-bdc9-3784a9fd8208",
                  "parentUUID": "e674913e-597e-41ea-93bf-5815a1fee0ef",
                  "isHook": false,
                  "skipped": false
                },
                {
                  "title": "should auto-hide warning alert after 3 seconds",
                  "fullTitle": "Document Summary Chat Tests Alert and Warning Messages should auto-hide warning alert after 3 seconds",
                  "timedOut": null,
                  "duration": 4849,
                  "state": "passed",
                  "speed": "fast",
                  "pass": true,
                  "fail": false,
                  "pending": false,
                  "context": null,
                  "code": "cy.get('textarea[placeholder*=\"Belge hakkında soru sorun\"]').type('Test mesajı');\ncy.contains('button', 'Gönder').click();\n// Alert should be visible\ncy.contains('Önce bir belge yüklemelisiniz!').should('be.visible');\n// Wait for auto-hide\ncy.contains('Önce bir belge yüklemelisiniz!', { timeout: 4000 }).should('not.exist');",
                  "err": {},
                  "uuid": "c4802c26-15c5-43e5-beb4-f25b14f0593f",
                  "parentUUID": "e674913e-597e-41ea-93bf-5815a1fee0ef",
                  "isHook": false,
                  "skipped": false
                },
                {
                  "title": "should close warning alert when close button is clicked",
                  "fullTitle": "Document Summary Chat Tests Alert and Warning Messages should close warning alert when close button is clicked",
                  "timedOut": null,
                  "duration": 4300,
                  "state": "passed",
                  "speed": "fast",
                  "pass": true,
                  "fail": false,
                  "pending": false,
                  "context": null,
                  "code": "cy.get('textarea[placeholder*=\"Belge hakkında soru sorun\"]').type('Test mesajı');\ncy.contains('button', 'Gönder').click();\n// Alert should be visible\ncy.contains('Önce bir belge yüklemelisiniz!').should('be.visible');\n// Click close button\ncy.get('.MuiAlert-root button').click();\n// Alert should be hidden\ncy.contains('Önce bir belge yüklemelisiniz!').should('not.exist');",
                  "err": {},
                  "uuid": "3559c8cb-3932-4404-a147-5fe9f890ed3c",
                  "parentUUID": "e674913e-597e-41ea-93bf-5815a1fee0ef",
                  "isHook": false,
                  "skipped": false
                }
              ],
              "suites": [],
              "passes": [
                "a1a64028-7682-4c16-bdc9-3784a9fd8208",
                "c4802c26-15c5-43e5-beb4-f25b14f0593f",
                "3559c8cb-3932-4404-a147-5fe9f890ed3c"
              ],
              "failures": [],
              "pending": [],
              "skipped": [],
              "duration": 14252,
              "root": false,
              "rootEmpty": false,
              "_timeout": 2000
            },
            {
              "uuid": "095ea4e3-fb79-4034-bd89-e31fd4e2007c",
              "title": "User Interface and Styling",
              "fullFile": "",
              "file": "",
              "beforeHooks": [],
              "afterHooks": [],
              "tests": [
                {
                  "title": "should display user and AI messages with different styles",
                  "fullTitle": "Document Summary Chat Tests User Interface and Styling should display user and AI messages with different styles",
                  "timedOut": null,
                  "duration": 7421,
                  "state": "failed",
                  "speed": null,
                  "pass": false,
                  "fail": true,
                  "pending": false,
                  "context": null,
                  "code": "// Upload file and send message\ncy.get('input[type=\"file\"]').selectFile({\n    contents: Cypress.Buffer.from('Test content'),\n    fileName: 'test.pdf',\n    mimeType: 'application/pdf'\n}, { force: true });\ncy.contains('📄 Yüklenen belge: test.pdf', { timeout: 2000 }).should('be.visible');\ncy.get('textarea[placeholder*=\"Belge hakkında soru sorun\"]').type('Test mesajı');\ncy.contains('button', 'Gönder').click();\n// Wait for both messages\ncy.contains('AI cevabı:', { timeout: 1000 }).should('be.visible');\n// Check user message styling (blue background, white text, right-aligned)\ncy.get('.MuiBox-root[style*=\"background-color: rgb(25, 118, 210)\"]')\n    .should('have.css', 'color', 'rgb(255, 255, 255)')\n    .and('have.css', 'align-self', 'flex-end');\n// Check AI message styling (gray background, black text, left-aligned)\ncy.get('.MuiBox-root[style*=\"background-color: rgb(224, 224, 224)\"]')\n    .should('have.css', 'color', 'rgb(0, 0, 0)')\n    .and('have.css', 'align-self', 'flex-start');",
                  "err": {
                    "message": "AssertionError: Timed out retrying after 4000ms: Expected to find element: `.MuiBox-root[style*=\"background-color: rgb(25, 118, 210)\"]`, but never found it.",
                    "estack": "AssertionError: Timed out retrying after 4000ms: Expected to find element: `.MuiBox-root[style*=\"background-color: rgb(25, 118, 210)\"]`, but never found it.\n    at Context.eval (webpack://justiwise/./cypress/e2e/documentsummarychat.cy.ts:316:9)",
                    "diff": null
                  },
                  "uuid": "1e5f2f34-1562-43b4-b3c7-81e3a2be9507",
                  "parentUUID": "095ea4e3-fb79-4034-bd89-e31fd4e2007c",
                  "isHook": false,
                  "skipped": false
                },
                {
                  "title": "should have proper card layout and spacing",
                  "fullTitle": "Document Summary Chat Tests User Interface and Styling should have proper card layout and spacing",
                  "timedOut": null,
                  "duration": 5798,
                  "state": "failed",
                  "speed": null,
                  "pass": false,
                  "fail": true,
                  "pending": false,
                  "context": null,
                  "code": "// Check cards have proper elevation and spacing\ncy.get('.MuiCard-root').should('have.length.at.least', 2);\ncy.get('.MuiCardHeader-root').should('contain', '📤 Belge Yükle');\ncy.get('.MuiCardHeader-root').should('contain', '📄 AI Özet');\n// Check proper spacing between sections\ncy.get('.MuiBox-root[maxwidth=\"md\"]').should('exist');",
                  "err": {
                    "message": "AssertionError: Timed out retrying after 4000ms: Expected to find element: `.MuiBox-root[maxwidth=\"md\"]`, but never found it.",
                    "estack": "AssertionError: Timed out retrying after 4000ms: Expected to find element: `.MuiBox-root[maxwidth=\"md\"]`, but never found it.\n    at Context.eval (webpack://justiwise/./cypress/e2e/documentsummarychat.cy.ts:332:44)",
                    "diff": null
                  },
                  "uuid": "e70c15f0-dc3e-48b6-9f8a-214176c7fd9c",
                  "parentUUID": "095ea4e3-fb79-4034-bd89-e31fd4e2007c",
                  "isHook": false,
                  "skipped": false
                },
                {
                  "title": "should handle textarea multiline properly",
                  "fullTitle": "Document Summary Chat Tests User Interface and Styling should handle textarea multiline properly",
                  "timedOut": null,
                  "duration": 5360,
                  "state": "failed",
                  "speed": null,
                  "pass": false,
                  "fail": true,
                  "pending": false,
                  "context": null,
                  "code": "cy.get('textarea[placeholder*=\"Belge hakkında soru sorun\"]')\n    .should('have.attr', 'rows')\n    .and('match', /\\d+/);\n// Test multiline input\nvar multilineText = 'İlk satır\\nİkinci satır\\nÜçüncü satır';\ncy.get('textarea[placeholder*=\"Belge hakkında soru sorun\"]').type(multilineText);\ncy.get('textarea[placeholder*=\"Belge hakkında soru sorun\"]').should('contain.value', 'İlk satır');",
                  "err": {
                    "message": "AssertionError: Timed out retrying after 4000ms: expected '<textarea#:r5:.MuiInputBase-input.MuiOutlinedInput-input.MuiInputBase-inputMultiline.css-1xnod2k-MuiInputBase-input-MuiOutlinedInput-input>' to have attribute 'rows'",
                    "estack": "AssertionError: Timed out retrying after 4000ms: expected '<textarea#:r5:.MuiInputBase-input.MuiOutlinedInput-input.MuiInputBase-inputMultiline.css-1xnod2k-MuiInputBase-input-MuiOutlinedInput-input>' to have attribute 'rows'\n    at Context.eval (webpack://justiwise/./cypress/e2e/documentsummarychat.cy.ts:337:9)",
                    "diff": null
                  },
                  "uuid": "ac29fa49-0158-4763-a130-ddeb53c5c451",
                  "parentUUID": "095ea4e3-fb79-4034-bd89-e31fd4e2007c",
                  "isHook": false,
                  "skipped": false
                }
              ],
              "suites": [],
              "passes": [],
              "failures": [
                "1e5f2f34-1562-43b4-b3c7-81e3a2be9507",
                "e70c15f0-dc3e-48b6-9f8a-214176c7fd9c",
                "ac29fa49-0158-4763-a130-ddeb53c5c451"
              ],
              "pending": [],
              "skipped": [],
              "duration": 18579,
              "root": false,
              "rootEmpty": false,
              "_timeout": 2000
            },
            {
              "uuid": "8ddf8cc7-4586-4d64-82b9-79c90cc8fc66",
              "title": "Responsive Design",
              "fullFile": "",
              "file": "",
              "beforeHooks": [],
              "afterHooks": [],
              "tests": [
                {
                  "title": "should work properly on mobile devices",
                  "fullTitle": "Document Summary Chat Tests Responsive Design should work properly on mobile devices",
                  "timedOut": null,
                  "duration": 1381,
                  "state": "passed",
                  "speed": "fast",
                  "pass": true,
                  "fail": false,
                  "pending": false,
                  "context": null,
                  "code": "cy.viewport('iphone-6');\n// All main components should be visible\ncy.contains('📤 Belge Yükle').should('be.visible');\ncy.contains('📄 AI Özet').should('be.visible');\ncy.get('textarea[placeholder*=\"Belge hakkında soru sorun\"]').should('be.visible');\n// Test file upload on mobile\ncy.get('input[type=\"file\"]').selectFile({\n    contents: Cypress.Buffer.from('Mobile test'),\n    fileName: 'mobile.pdf',\n    mimeType: 'application/pdf'\n}, { force: true });\ncy.contains('Seçilen belge: mobile.pdf').should('be.visible');",
                  "err": {},
                  "uuid": "abace7be-4ffd-4ef3-9194-f63fd81861e2",
                  "parentUUID": "8ddf8cc7-4586-4d64-82b9-79c90cc8fc66",
                  "isHook": false,
                  "skipped": false
                },
                {
                  "title": "should work properly on tablet devices",
                  "fullTitle": "Document Summary Chat Tests Responsive Design should work properly on tablet devices",
                  "timedOut": null,
                  "duration": 2818,
                  "state": "passed",
                  "speed": "fast",
                  "pass": true,
                  "fail": false,
                  "pending": false,
                  "context": null,
                  "code": "cy.viewport('ipad-2');\n// Test full functionality on tablet\ncy.get('input[type=\"file\"]').selectFile({\n    contents: Cypress.Buffer.from('Tablet test'),\n    fileName: 'tablet.pdf',\n    mimeType: 'application/pdf'\n}, { force: true });\ncy.contains('📄 Yüklenen belge: tablet.pdf', { timeout: 2000 }).should('be.visible');\ncy.get('textarea[placeholder*=\"Belge hakkında soru sorun\"]').type('Tablet mesajı');\ncy.contains('button', 'Gönder').click();\ncy.contains('Tablet mesajı').should('be.visible');",
                  "err": {},
                  "uuid": "b6372ad4-6691-4a77-9c8d-1d6014e9a7b2",
                  "parentUUID": "8ddf8cc7-4586-4d64-82b9-79c90cc8fc66",
                  "isHook": false,
                  "skipped": false
                },
                {
                  "title": "should maintain proper layout on different screen sizes",
                  "fullTitle": "Document Summary Chat Tests Responsive Design should maintain proper layout on different screen sizes",
                  "timedOut": null,
                  "duration": 5315,
                  "state": "failed",
                  "speed": null,
                  "pass": false,
                  "fail": true,
                  "pending": false,
                  "context": null,
                  "code": "var viewports = ['macbook-15', 'ipad-2', 'iphone-6'];\nviewports.forEach(function (viewport) {\n    cy.viewport(viewport);\n    // Check layout integrity\n    cy.get('.MuiBox-root[maxwidth=\"md\"]').should('be.visible');\n    cy.contains('button', 'Belge Seç (.pdf, .docx)').should('be.visible');\n    cy.get('textarea[placeholder*=\"Belge hakkında soru sorun\"]').should('be.visible');\n});",
                  "err": {
                    "message": "AssertionError: Timed out retrying after 4000ms: Expected to find element: `.MuiBox-root[maxwidth=\"md\"]`, but never found it.",
                    "estack": "AssertionError: Timed out retrying after 4000ms: Expected to find element: `.MuiBox-root[maxwidth=\"md\"]`, but never found it.\n    at eval (webpack://justiwise/./cypress/e2e/documentsummarychat.cy.ts:391:46)\nat Array.forEach (<anonymous>)\n    at Context.eval (webpack://justiwise/./cypress/e2e/documentsummarychat.cy.ts:387:16)",
                    "diff": null
                  },
                  "uuid": "af212d0e-192b-4483-a8cf-1f5247f61e83",
                  "parentUUID": "8ddf8cc7-4586-4d64-82b9-79c90cc8fc66",
                  "isHook": false,
                  "skipped": false
                }
              ],
              "suites": [],
              "passes": [
                "abace7be-4ffd-4ef3-9194-f63fd81861e2",
                "b6372ad4-6691-4a77-9c8d-1d6014e9a7b2"
              ],
              "failures": [
                "af212d0e-192b-4483-a8cf-1f5247f61e83"
              ],
              "pending": [],
              "skipped": [],
              "duration": 9514,
              "root": false,
              "rootEmpty": false,
              "_timeout": 2000
            },
            {
              "uuid": "318eb05a-bd65-4352-9fe1-4f3a17635b9a",
              "title": "Accessibility",
              "fullFile": "",
              "file": "",
              "beforeHooks": [],
              "afterHooks": [],
              "tests": [
                {
                  "title": "should have proper ARIA labels and roles",
                  "fullTitle": "Document Summary Chat Tests Accessibility should have proper ARIA labels and roles",
                  "timedOut": null,
                  "duration": 1521,
                  "state": "failed",
                  "speed": null,
                  "pass": false,
                  "fail": true,
                  "pending": false,
                  "context": null,
                  "code": "// Check for proper roles\ncy.get('[role=\"alert\"]').should('not.exist'); // Initially no alerts\n// Check form accessibility\ncy.get('textarea[placeholder*=\"Belge hakkında soru sorun\"]')\n    .should('have.attr', 'aria-label')\n    .or('be.labelled');\n// Check button accessibility\ncy.contains('button', 'Gönder').should('be.visible');\ncy.contains('button', 'Belge Seç').should('be.visible');",
                  "err": {
                    "message": "TypeError: cy.get(...).should(...).or is not a function",
                    "estack": "TypeError: cy.get(...).should(...).or is not a function\n    at Context.eval (webpack://justiwise/./cypress/e2e/documentsummarychat.cy.ts:406:9)\n    at runnable.fn (http://localhost:3000/__cypress/runner/cypress_runner.js:141400:19)\n    at callFn (http://localhost:3000/__cypress/runner/cypress_runner.js:160478:21)\n    at Runnable.run (http://localhost:3000/__cypress/runner/cypress_runner.js:160465:7)\n    at <unknown> (http://localhost:3000/__cypress/runner/cypress_runner.js:166537:30)\n    at PassThroughHandlerContext.finallyHandler (http://localhost:3000/__cypress/runner/cypress_runner.js:4042:23)\n    at PassThroughHandlerContext.tryCatcher (http://localhost:3000/__cypress/runner/cypress_runner.js:1777:23)\n    at Promise._settlePromiseFromHandler (http://localhost:3000/__cypress/runner/cypress_runner.js:1489:31)\n    at Promise._settlePromise (http://localhost:3000/__cypress/runner/cypress_runner.js:1546:18)",
                    "diff": null
                  },
                  "uuid": "46f4aed0-6b17-47e4-a16b-5230732ffdc2",
                  "parentUUID": "318eb05a-bd65-4352-9fe1-4f3a17635b9a",
                  "isHook": false,
                  "skipped": false
                },
                {
                  "title": "should be keyboard navigable",
                  "fullTitle": "Document Summary Chat Tests Accessibility should be keyboard navigable",
                  "timedOut": null,
                  "duration": 1475,
                  "state": "failed",
                  "speed": null,
                  "pass": false,
                  "fail": true,
                  "pending": false,
                  "context": null,
                  "code": "// Tab through interactive elements\ncy.get('body').tab();\ncy.focused().should('contain', 'Belge Seç').or('be.visible');\ncy.get('body').tab();\ncy.focused().should('have.attr', 'placeholder').or('be.visible');\ncy.get('body').tab();\ncy.focused().should('contain', 'Gönder').or('be.visible');",
                  "err": {
                    "message": "TypeError: cy.get(...).tab is not a function",
                    "estack": "TypeError: cy.get(...).tab is not a function\n    at Context.eval (webpack://justiwise/./cypress/e2e/documentsummarychat.cy.ts:415:21)\n    at runnable.fn (http://localhost:3000/__cypress/runner/cypress_runner.js:141400:19)\n    at callFn (http://localhost:3000/__cypress/runner/cypress_runner.js:160478:21)\n    at Runnable.run (http://localhost:3000/__cypress/runner/cypress_runner.js:160465:7)\n    at <unknown> (http://localhost:3000/__cypress/runner/cypress_runner.js:166537:30)\n    at PassThroughHandlerContext.finallyHandler (http://localhost:3000/__cypress/runner/cypress_runner.js:4042:23)\n    at PassThroughHandlerContext.tryCatcher (http://localhost:3000/__cypress/runner/cypress_runner.js:1777:23)\n    at Promise._settlePromiseFromHandler (http://localhost:3000/__cypress/runner/cypress_runner.js:1489:31)\n    at Promise._settlePromise (http://localhost:3000/__cypress/runner/cypress_runner.js:1546:18)",
                    "diff": null
                  },
                  "uuid": "f51561f2-e780-43f1-b050-d05f9593329b",
                  "parentUUID": "318eb05a-bd65-4352-9fe1-4f3a17635b9a",
                  "isHook": false,
                  "skipped": false
                },
                {
                  "title": "should support screen readers with proper headings",
                  "fullTitle": "Document Summary Chat Tests Accessibility should support screen readers with proper headings",
                  "timedOut": null,
                  "duration": 1333,
                  "state": "passed",
                  "speed": "fast",
                  "pass": true,
                  "fail": false,
                  "pending": false,
                  "context": null,
                  "code": "// Check for proper heading structure\ncy.get('h1, h2, h3, h4, h5, h6, .MuiCardHeader-title').should('exist');\n// Check for proper content structure\ncy.contains('📤 Belge Yükle').should('be.visible');\ncy.contains('📄 AI Özet').should('be.visible');",
                  "err": {},
                  "uuid": "4ac611b1-52d2-4a54-83f1-c55762a8fe28",
                  "parentUUID": "318eb05a-bd65-4352-9fe1-4f3a17635b9a",
                  "isHook": false,
                  "skipped": false
                }
              ],
              "suites": [],
              "passes": [
                "4ac611b1-52d2-4a54-83f1-c55762a8fe28"
              ],
              "failures": [
                "46f4aed0-6b17-47e4-a16b-5230732ffdc2",
                "f51561f2-e780-43f1-b050-d05f9593329b"
              ],
              "pending": [],
              "skipped": [],
              "duration": 4329,
              "root": false,
              "rootEmpty": false,
              "_timeout": 2000
            },
            {
              "uuid": "935e6135-0fa1-40d4-a5c4-b40a12f7b6a5",
              "title": "Performance and Edge Cases",
              "fullFile": "",
              "file": "",
              "beforeHooks": [],
              "afterHooks": [],
              "tests": [
                {
                  "title": "should handle rapid button clicks gracefully",
                  "fullTitle": "Document Summary Chat Tests Performance and Edge Cases should handle rapid button clicks gracefully",
                  "timedOut": null,
                  "duration": 7152,
                  "state": "failed",
                  "speed": null,
                  "pass": false,
                  "fail": true,
                  "pending": false,
                  "context": null,
                  "code": "// Upload file first\ncy.get('input[type=\"file\"]').selectFile({\n    contents: Cypress.Buffer.from('Performance test'),\n    fileName: 'perf.pdf',\n    mimeType: 'application/pdf'\n}, { force: true });\ncy.contains('📄 Yüklenen belge: perf.pdf', { timeout: 2000 }).should('be.visible');\n// Type message and rapidly click send\ncy.get('textarea[placeholder*=\"Belge hakkında soru sorun\"]').type('Hızlı tıklama testi');\ncy.contains('button', 'Gönder')\n    .click()\n    .click()\n    .click();\n// Should only send one message\ncy.get('.MuiBox-root[style*=\"background-color: rgb(25, 118, 210)\"]')\n    .should('have.length', 1);",
                  "err": {
                    "message": "CypressError: Timed out retrying after 4050ms: `cy.click()` failed because this element is `disabled`:\n\n`<button class=\"MuiButtonBase-root MuiButton-root MuiButton-contained MuiButton-containedPrimary MuiButton-sizeMedium MuiButton-containedSizeMedium MuiButton-colorPrimary Mui-disabled MuiButton-root MuiButton-contained MuiButton-containedPrimary MuiButton-sizeMedium MuiButton-containedSizeMedium MuiButton-colorPrimary css-ykmjgp-MuiButtonBase-root-MuiButton-root\" tabindex=\"-1\" type=\"button\" disabled=\"\">Gönder</button>`\n\nFix this problem, or use `{force: true}` to disable error checking.\n\nhttps://on.cypress.io/element-cannot-be-interacted-with",
                    "estack": "CypressError: Timed out retrying after 4050ms: `cy.click()` failed because this element is `disabled`:\n\n`<button class=\"MuiButtonBase-root MuiButton-root MuiButton-contained MuiButton-containedPrimary MuiButton-sizeMedium MuiButton-containedSizeMedium MuiButton-colorPrimary Mui-disabled MuiButton-root MuiButton-contained MuiButton-containedPrimary MuiButton-sizeMedium MuiButton-containedSizeMedium MuiButton-colorPrimary css-ykmjgp-MuiButtonBase-root-MuiButton-root\" tabindex=\"-1\" type=\"button\" disabled=\"\">Gönder</button>`\n\nFix this problem, or use `{force: true}` to disable error checking.\n\nhttps://on.cypress.io/element-cannot-be-interacted-with\n    at Object.isNotDisabled (http://localhost:3000/__cypress/runner/cypress_runner.js:147945:58)\n    at runAllChecks (http://localhost:3000/__cypress/runner/cypress_runner.js:114349:26)\n    at retryActionability (http://localhost:3000/__cypress/runner/cypress_runner.js:114438:16)\n    at tryCatcher (http://localhost:3000/__cypress/runner/cypress_runner.js:1777:23)\n    at Promise.attempt.Promise.try (http://localhost:3000/__cypress/runner/cypress_runner.js:4285:29)\n    at whenStable (http://localhost:3000/__cypress/runner/cypress_runner.js:146806:68)\n    at <unknown> (http://localhost:3000/__cypress/runner/cypress_runner.js:146747:14)\n    at tryCatcher (http://localhost:3000/__cypress/runner/cypress_runner.js:1777:23)\n    at Promise._settlePromiseFromHandler (http://localhost:3000/__cypress/runner/cypress_runner.js:1489:31)\n    at Promise._settlePromise (http://localhost:3000/__cypress/runner/cypress_runner.js:1546:18)\n    at Promise._settlePromise0 (http://localhost:3000/__cypress/runner/cypress_runner.js:1591:10)\n    at Promise._settlePromises (http://localhost:3000/__cypress/runner/cypress_runner.js:1671:18)\n    at Promise._fulfill (http://localhost:3000/__cypress/runner/cypress_runner.js:1615:18)\n    at <unknown> (http://localhost:3000/__cypress/runner/cypress_runner.js:5420:46)",
                    "diff": null
                  },
                  "uuid": "884eb9de-5b95-47d3-ab75-d8704f7bf624",
                  "parentUUID": "935e6135-0fa1-40d4-a5c4-b40a12f7b6a5",
                  "isHook": false,
                  "skipped": false
                },
                {
                  "title": "should handle large file names properly",
                  "fullTitle": "Document Summary Chat Tests Performance and Edge Cases should handle large file names properly",
                  "timedOut": null,
                  "duration": 1689,
                  "state": "passed",
                  "speed": "fast",
                  "pass": true,
                  "fail": false,
                  "pending": false,
                  "context": null,
                  "code": "var longFileName = 'very-long-file-name-that-might-cause-layout-issues-in-the-ui-component.pdf';\ncy.get('input[type=\"file\"]').selectFile({\n    contents: Cypress.Buffer.from('Long name test'),\n    fileName: longFileName,\n    mimeType: 'application/pdf'\n}, { force: true });\n// Should display truncated or wrapped filename\ncy.contains('Seçilen belge:').should('be.visible');\ncy.contains(longFileName.substring(0, 20)).should('be.visible');",
                  "err": {},
                  "uuid": "40ad9d4d-5db4-4e48-adfd-f726fffb0457",
                  "parentUUID": "935e6135-0fa1-40d4-a5c4-b40a12f7b6a5",
                  "isHook": false,
                  "skipped": false
                },
                {
                  "title": "should maintain state during rapid interactions",
                  "fullTitle": "Document Summary Chat Tests Performance and Edge Cases should maintain state during rapid interactions",
                  "timedOut": null,
                  "duration": 2964,
                  "state": "passed",
                  "speed": "fast",
                  "pass": true,
                  "fail": false,
                  "pending": false,
                  "context": null,
                  "code": "// Upload file\ncy.get('input[type=\"file\"]').selectFile({\n    contents: Cypress.Buffer.from('State test'),\n    fileName: 'state.pdf',\n    mimeType: 'application/pdf'\n}, { force: true });\n// Rapidly type and clear message multiple times\nvar message = 'Test mesajı';\nfor (var i = 0; i < 3; i++) {\n    cy.get('textarea[placeholder*=\"Belge hakkında soru sorun\"]')\n        .type(message)\n        .clear();\n}\n// Final message\ncy.get('textarea[placeholder*=\"Belge hakkında soru sorun\"]').type(message);\ncy.contains('button', 'Gönder').should('not.be.disabled');",
                  "err": {},
                  "uuid": "81bb2f8d-4bcb-4669-b600-fb6855bef0eb",
                  "parentUUID": "935e6135-0fa1-40d4-a5c4-b40a12f7b6a5",
                  "isHook": false,
                  "skipped": false
                }
              ],
              "suites": [],
              "passes": [
                "40ad9d4d-5db4-4e48-adfd-f726fffb0457",
                "81bb2f8d-4bcb-4669-b600-fb6855bef0eb"
              ],
              "failures": [
                "884eb9de-5b95-47d3-ab75-d8704f7bf624"
              ],
              "pending": [],
              "skipped": [],
              "duration": 11805,
              "root": false,
              "rootEmpty": false,
              "_timeout": 2000
            }
          ],
          "passes": [],
          "failures": [],
          "pending": [],
          "skipped": [],
          "duration": 0,
          "root": false,
          "rootEmpty": false,
          "_timeout": 2000
        }
      ],
      "passes": [],
      "failures": [],
      "pending": [],
      "skipped": [],
      "duration": 0,
      "root": true,
      "rootEmpty": true,
      "_timeout": 2000
    }
  ],
  "meta": {
    "mocha": {
      "version": "7.2.0"
    },
    "mochawesome": {
      "options": {
        "quiet": false,
        "reportFilename": "mochawesome",
        "saveHtml": true,
        "saveJson": true,
        "consoleReporter": "spec",
        "useInlineDiffs": false,
        "code": true
      },
      "version": "7.1.3"
    },
    "marge": {
      "options": {
        "reportDir": "cypress/results",
        "overwrite": false,
        "html": true,
        "json": true,
        "timestamp": "mm-dd-yyyy_HH-MM-ss",
        "charts": true,
        "reportPageTitle": "Cypress Test Raporu - JustiWise",
        "embeddedScreenshots": true,
        "inlineAssets": true,
        "autoOpen": false
      },
      "version": "6.2.0"
    }
  }
}